INFO: [VRFC 10-2263] Analyzing Verilog file "/archive/scripts/ECE3570Lab2/ECE3570Lab2.srcs/sources_1/new/ALU.v" into library xil_defaultlib
INFO: [VRFC 10-311] analyzing module ALUTest
INFO: [VRFC 10-311] analyzing module ALU
INFO: [VRFC 10-311] analyzing module ALU_mux
INFO: [VRFC 10-311] analyzing module Complementor
INFO: [VRFC 10-311] analyzing module Comparator
INFO: [VRFC 10-311] analyzing module Shifter
INFO: [VRFC 10-311] analyzing module FullAdder_10Bit
INFO: [VRFC 10-311] analyzing module FullAdder_1Bit
INFO: [VRFC 10-2263] Analyzing Verilog file "/archive/scripts/ECE3570Lab2/ECE3570Lab2.srcs/sources_1/new/ControlUnit.v" into library xil_defaultlib
INFO: [VRFC 10-311] analyzing module ControlUnitTest
INFO: [VRFC 10-311] analyzing module ControlUnit
INFO: [VRFC 10-311] analyzing module mem_write_mux
INFO: [VRFC 10-311] analyzing module mem_to_reg_mux
INFO: [VRFC 10-311] analyzing module reg_read1_addr_mux
INFO: [VRFC 10-311] analyzing module reg_write_addr_control_mux
INFO: [VRFC 10-311] analyzing module ALU_source1_control_mux
INFO: [VRFC 10-311] analyzing module ALU_source2_control_mux
INFO: [VRFC 10-311] analyzing module pc_control_mux
INFO: [VRFC 10-311] analyzing module ALU_op_mux
INFO: [VRFC 10-311] analyzing module reg_write_mux
INFO: [VRFC 10-2263] Analyzing Verilog file "/archive/scripts/ECE3570Lab2/ECE3570Lab2.srcs/sources_1/new/FetchUnit.v" into library xil_defaultlib
INFO: [VRFC 10-311] analyzing module ALUTest
WARNING: [VRFC 10-2421] module ALUTest is previously defined, ignoring this definition [/archive/scripts/ECE3570Lab2/ECE3570Lab2.srcs/sources_1/new/ALU.v:23]
INFO: [VRFC 10-311] analyzing module ALU
WARNING: [VRFC 10-2421] module ALU is previously defined, ignoring this definition [/archive/scripts/ECE3570Lab2/ECE3570Lab2.srcs/sources_1/new/ALU.v:100]
INFO: [VRFC 10-311] analyzing module ALU_mux
WARNING: [VRFC 10-2421] module ALU_mux is previously defined, ignoring this definition [/archive/scripts/ECE3570Lab2/ECE3570Lab2.srcs/sources_1/new/ALU.v:126]
INFO: [VRFC 10-311] analyzing module Complementor
WARNING: [VRFC 10-2421] module Complementor is previously defined, ignoring this definition [/archive/scripts/ECE3570Lab2/ECE3570Lab2.srcs/sources_1/new/ALU.v:147]
INFO: [VRFC 10-311] analyzing module Comparator
WARNING: [VRFC 10-2421] module Comparator is previously defined, ignoring this definition [/archive/scripts/ECE3570Lab2/ECE3570Lab2.srcs/sources_1/new/ALU.v:165]
INFO: [VRFC 10-311] analyzing module Shifter
WARNING: [VRFC 10-2421] module Shifter is previously defined, ignoring this definition [/archive/scripts/ECE3570Lab2/ECE3570Lab2.srcs/sources_1/new/ALU.v:229]
INFO: [VRFC 10-311] analyzing module FullAdder_10Bit
WARNING: [VRFC 10-2421] module FullAdder_10Bit is previously defined, ignoring this definition [/archive/scripts/ECE3570Lab2/ECE3570Lab2.srcs/sources_1/new/ALU.v:252]
INFO: [VRFC 10-311] analyzing module FullAdder_1Bit
WARNING: [VRFC 10-2421] module FullAdder_1Bit is previously defined, ignoring this definition [/archive/scripts/ECE3570Lab2/ECE3570Lab2.srcs/sources_1/new/ALU.v:274]
INFO: [VRFC 10-311] analyzing module RegisterFileTest
INFO: [VRFC 10-311] analyzing module RegisterFile
INFO: [VRFC 10-311] analyzing module RegisterTest
INFO: [VRFC 10-311] analyzing module reg_decode
INFO: [VRFC 10-311] analyzing module Register_10bit
INFO: [VRFC 10-311] analyzing module Register_10bit_StackPointer
INFO: [VRFC 10-311] analyzing module Register_Pipeline_38bit
INFO: [VRFC 10-311] analyzing module Register_Pipeline_14bit
INFO: [VRFC 10-311] analyzing module InstructionMemory
INFO: [VRFC 10-311] analyzing module DataMemory
INFO: [VRFC 10-311] analyzing module FetchUnitTest
INFO: [VRFC 10-311] analyzing module FetchUnit
INFO: [VRFC 10-2263] Analyzing Verilog file "/archive/scripts/ECE3570Lab2/ECE3570Lab2.srcs/sources_1/new/ForwardingUnit.v" into library xil_defaultlib
INFO: [VRFC 10-311] analyzing module ForwardingUnitTest
INFO: [VRFC 10-311] analyzing module ForwardingUnit
INFO: [VRFC 10-2263] Analyzing Verilog file "/archive/scripts/ECE3570Lab2/ECE3570Lab2.srcs/sources_1/new/Memory.v" into library xil_defaultlib
INFO: [VRFC 10-311] analyzing module InstructionMemory
WARNING: [VRFC 10-2421] module InstructionMemory is previously defined, ignoring this definition [/archive/scripts/ECE3570Lab2/ECE3570Lab2.srcs/sources_1/new/Memory.v:23]
INFO: [VRFC 10-311] analyzing module DataMemory
WARNING: [VRFC 10-2421] module DataMemory is previously defined, ignoring this definition [/archive/scripts/ECE3570Lab2/ECE3570Lab2.srcs/sources_1/new/Memory.v:134]
INFO: [VRFC 10-2263] Analyzing Verilog file "/archive/scripts/ECE3570Lab2/ECE3570Lab2.srcs/sources_1/new/Registers.v" into library xil_defaultlib
INFO: [VRFC 10-311] analyzing module RegisterFileTest
WARNING: [VRFC 10-2421] module RegisterFileTest is previously defined, ignoring this definition [/archive/scripts/ECE3570Lab2/ECE3570Lab2.srcs/sources_1/new/Registers.v:22]
INFO: [VRFC 10-311] analyzing module RegisterFile
WARNING: [VRFC 10-2421] module RegisterFile is previously defined, ignoring this definition [/archive/scripts/ECE3570Lab2/ECE3570Lab2.srcs/sources_1/new/Registers.v:84]
INFO: [VRFC 10-311] analyzing module RegisterTest
WARNING: [VRFC 10-2421] module RegisterTest is previously defined, ignoring this definition [/archive/scripts/ECE3570Lab2/ECE3570Lab2.srcs/sources_1/new/Registers.v:136]
INFO: [VRFC 10-311] analyzing module reg_decode
WARNING: [VRFC 10-2421] module reg_decode is previously defined, ignoring this definition [/archive/scripts/ECE3570Lab2/ECE3570Lab2.srcs/sources_1/new/Registers.v:173]
INFO: [VRFC 10-311] analyzing module Register_10bit
WARNING: [VRFC 10-2421] module Register_10bit is previously defined, ignoring this definition [/archive/scripts/ECE3570Lab2/ECE3570Lab2.srcs/sources_1/new/Registers.v:195]
INFO: [VRFC 10-311] analyzing module Register_10bit_StackPointer
WARNING: [VRFC 10-2421] module Register_10bit_StackPointer is previously defined, ignoring this definition [/archive/scripts/ECE3570Lab2/ECE3570Lab2.srcs/sources_1/new/Registers.v:214]
INFO: [VRFC 10-311] analyzing module Register_Pipeline_38bit
WARNING: [VRFC 10-2421] module Register_Pipeline_38bit is previously defined, ignoring this definition [/archive/scripts/ECE3570Lab2/ECE3570Lab2.srcs/sources_1/new/Registers.v:233]
INFO: [VRFC 10-311] analyzing module Register_Pipeline_14bit
WARNING: [VRFC 10-2421] module Register_Pipeline_14bit is previously defined, ignoring this definition [/archive/scripts/ECE3570Lab2/ECE3570Lab2.srcs/sources_1/new/Registers.v:252]
INFO: [VRFC 10-2263] Analyzing Verilog file "/archive/scripts/ECE3570Lab2/ECE3570Lab2.srcs/sources_1/new/CPU.v" into library xil_defaultlib
INFO: [VRFC 10-311] analyzing module ALUTest
INFO: [VRFC 10-311] analyzing module ALU
INFO: [VRFC 10-311] analyzing module ALU_mux
INFO: [VRFC 10-311] analyzing module Complementor
INFO: [VRFC 10-311] analyzing module Comparator
INFO: [VRFC 10-311] analyzing module Shifter
INFO: [VRFC 10-311] analyzing module FullAdder_10Bit
INFO: [VRFC 10-311] analyzing module FullAdder_1Bit
INFO: [VRFC 10-311] analyzing module RegisterFileTest
INFO: [VRFC 10-311] analyzing module RegisterFile
INFO: [VRFC 10-311] analyzing module RegisterTest
INFO: [VRFC 10-311] analyzing module reg_decode
INFO: [VRFC 10-311] analyzing module Register_10bit
INFO: [VRFC 10-311] analyzing module Register_10bit_StackPointer
INFO: [VRFC 10-311] analyzing module Register_Pipeline_38bit
INFO: [VRFC 10-311] analyzing module Register_Pipeline_14bit
INFO: [VRFC 10-311] analyzing module ControlUnitTest
WARNING: [VRFC 10-2421] module ControlUnitTest is previously defined, ignoring this definition [/archive/scripts/ECE3570Lab2/ECE3570Lab2.srcs/sources_1/new/ControlUnit.v:22]
INFO: [VRFC 10-311] analyzing module ControlUnit
WARNING: [VRFC 10-2421] module ControlUnit is previously defined, ignoring this definition [/archive/scripts/ECE3570Lab2/ECE3570Lab2.srcs/sources_1/new/ControlUnit.v:87]
INFO: [VRFC 10-311] analyzing module mem_write_mux
WARNING: [VRFC 10-2421] module mem_write_mux is previously defined, ignoring this definition [/archive/scripts/ECE3570Lab2/ECE3570Lab2.srcs/sources_1/new/ControlUnit.v:158]
INFO: [VRFC 10-311] analyzing module mem_to_reg_mux
WARNING: [VRFC 10-2421] module mem_to_reg_mux is previously defined, ignoring this definition [/archive/scripts/ECE3570Lab2/ECE3570Lab2.srcs/sources_1/new/ControlUnit.v:170]
INFO: [VRFC 10-311] analyzing module reg_read1_addr_mux
WARNING: [VRFC 10-2421] module reg_read1_addr_mux is previously defined, ignoring this definition [/archive/scripts/ECE3570Lab2/ECE3570Lab2.srcs/sources_1/new/ControlUnit.v:183]
INFO: [VRFC 10-311] analyzing module reg_write_addr_control_mux
WARNING: [VRFC 10-2421] module reg_write_addr_control_mux is previously defined, ignoring this definition [/archive/scripts/ECE3570Lab2/ECE3570Lab2.srcs/sources_1/new/ControlUnit.v:209]
INFO: [VRFC 10-311] analyzing module ALU_source1_control_mux
WARNING: [VRFC 10-2421] module ALU_source1_control_mux is previously defined, ignoring this definition [/archive/scripts/ECE3570Lab2/ECE3570Lab2.srcs/sources_1/new/ControlUnit.v:231]
INFO: [VRFC 10-311] analyzing module ALU_source2_control_mux
WARNING: [VRFC 10-2421] module ALU_source2_control_mux is previously defined, ignoring this definition [/archive/scripts/ECE3570Lab2/ECE3570Lab2.srcs/sources_1/new/ControlUnit.v:254]
INFO: [VRFC 10-311] analyzing module pc_control_mux
WARNING: [VRFC 10-2421] module pc_control_mux is previously defined, ignoring this definition [/archive/scripts/ECE3570Lab2/ECE3570Lab2.srcs/sources_1/new/ControlUnit.v:275]
INFO: [VRFC 10-311] analyzing module ALU_op_mux
WARNING: [VRFC 10-2421] module ALU_op_mux is previously defined, ignoring this definition [/archive/scripts/ECE3570Lab2/ECE3570Lab2.srcs/sources_1/new/ControlUnit.v:296]
INFO: [VRFC 10-311] analyzing module reg_write_mux
WARNING: [VRFC 10-2421] module reg_write_mux is previously defined, ignoring this definition [/archive/scripts/ECE3570Lab2/ECE3570Lab2.srcs/sources_1/new/ControlUnit.v:321]
INFO: [VRFC 10-311] analyzing module ALUTest
INFO: [VRFC 10-311] analyzing module ALU
INFO: [VRFC 10-311] analyzing module ALU_mux
INFO: [VRFC 10-311] analyzing module Complementor
INFO: [VRFC 10-311] analyzing module Comparator
INFO: [VRFC 10-311] analyzing module Shifter
INFO: [VRFC 10-311] analyzing module FullAdder_10Bit
INFO: [VRFC 10-311] analyzing module FullAdder_1Bit
INFO: [VRFC 10-311] analyzing module RegisterFileTest
INFO: [VRFC 10-311] analyzing module RegisterFile
INFO: [VRFC 10-311] analyzing module RegisterTest
INFO: [VRFC 10-311] analyzing module reg_decode
INFO: [VRFC 10-311] analyzing module Register_10bit
INFO: [VRFC 10-311] analyzing module Register_10bit_StackPointer
INFO: [VRFC 10-311] analyzing module Register_Pipeline_38bit
INFO: [VRFC 10-311] analyzing module Register_Pipeline_14bit
INFO: [VRFC 10-311] analyzing module InstructionMemory
INFO: [VRFC 10-311] analyzing module DataMemory
INFO: [VRFC 10-311] analyzing module FetchUnitTest
WARNING: [VRFC 10-2421] module FetchUnitTest is previously defined, ignoring this definition [/archive/scripts/ECE3570Lab2/ECE3570Lab2.srcs/sources_1/new/FetchUnit.v:28]
INFO: [VRFC 10-311] analyzing module FetchUnit
WARNING: [VRFC 10-2421] module FetchUnit is previously defined, ignoring this definition [/archive/scripts/ECE3570Lab2/ECE3570Lab2.srcs/sources_1/new/FetchUnit.v:67]
INFO: [VRFC 10-311] analyzing module InstructionMemory
INFO: [VRFC 10-311] analyzing module DataMemory
INFO: [VRFC 10-311] analyzing module ForwardingUnitTest
WARNING: [VRFC 10-2421] module ForwardingUnitTest is previously defined, ignoring this definition [/archive/scripts/ECE3570Lab2/ECE3570Lab2.srcs/sources_1/new/ForwardingUnit.v:22]
INFO: [VRFC 10-311] analyzing module ForwardingUnit
WARNING: [VRFC 10-2421] module ForwardingUnit is previously defined, ignoring this definition [/archive/scripts/ECE3570Lab2/ECE3570Lab2.srcs/sources_1/new/ForwardingUnit.v:81]
INFO: [VRFC 10-311] analyzing module CPU10Bits_Test
INFO: [VRFC 10-311] analyzing module CPU10Bits_Pipelined
INFO: [VRFC 10-311] analyzing module Fetch_Decode_Stage
INFO: [VRFC 10-311] analyzing module Execute_Memory_Stage
INFO: [VRFC 10-311] analyzing module Write_Back_Stage
INFO: [VRFC 10-311] analyzing module CPU10Bits
INFO: [VRFC 10-311] analyzing module ALU_source1_mux
INFO: [VRFC 10-311] analyzing module ALU_source2_mux
INFO: [VRFC 10-311] analyzing module write_data_mux
